[2018-07-30T12:00:02.463] [INFO] repo - Read repository items: C:\source\WebAppBuilderForArcGIS\client\stemapp\widgets
[2018-07-30T12:00:08.901] [INFO] app - Find 6 predfinded apps.
[2018-07-30T12:00:08.921] [INFO] default - No portal URL is set, redirect /webappbuilder to /webappbuilder?action=setportalurl
[2018-07-30T12:00:08.959] [INFO] repo - insert HTML.About
[2018-07-30T12:00:08.963] [INFO] repo - insert HTML.AddData
[2018-07-30T12:00:08.965] [INFO] repo - insert HTML.Analysis
[2018-07-30T12:00:08.972] [INFO] repo - insert HTML.AttributeTable
[2018-07-30T12:00:08.975] [INFO] repo - insert HTML.BasemapGallery
[2018-07-30T12:00:08.979] [INFO] repo - insert HTML.BatchAttributeEditor
[2018-07-30T12:00:08.982] [INFO] repo - insert HTML.Bookmark
[2018-07-30T12:00:08.986] [INFO] repo - insert HTML.Chart
[2018-07-30T12:00:08.989] [INFO] repo - insert HTML.Coordinate
[2018-07-30T12:00:08.991] [INFO] repo - insert HTML.CoordinateConversion
[2018-07-30T12:00:09.007] [INFO] repo - insert HTML.CostAnalysis
[2018-07-30T12:00:09.016] [INFO] repo - insert HTML.DataAggregation
[2018-07-30T12:00:09.020] [INFO] repo - insert HTML.Directions
[2018-07-30T12:00:09.024] [INFO] repo - insert HTML.DistanceAndDirection
[2018-07-30T12:00:09.027] [INFO] repo - insert HTML.DistrictLookup
[2018-07-30T12:00:09.030] [INFO] repo - insert HTML.Draw
[2018-07-30T12:00:09.034] [INFO] repo - insert HTML.Edit
[2018-07-30T12:00:09.038] [INFO] repo - insert HTML.EmergencyResponseGuide
[2018-07-30T12:00:09.040] [INFO] repo - insert HTML.ExtentNavigate
[2018-07-30T12:00:09.047] [INFO] repo - insert HTML.Filter
[2018-07-30T12:00:09.053] [INFO] repo - insert HTML.FullScreen
[2018-07-30T12:00:09.057] [INFO] repo - insert HTML.GeoLookup
[2018-07-30T12:00:09.062] [INFO] repo - insert HTML.Geoprocessing
[2018-07-30T12:00:09.068] [INFO] repo - insert HTML.GriddedReferenceGraphic
[2018-07-30T12:00:09.071] [INFO] repo - insert HTML.GridOverlay
[2018-07-30T12:00:09.074] [INFO] repo - insert HTML.GroupFilter
[2018-07-30T12:00:09.076] [INFO] repo - insert HTML.HomeButton
[2018-07-30T12:00:09.078] [INFO] repo - insert HTML.ImageMeasurement
[2018-07-30T12:00:09.081] [INFO] repo - insert HTML.IncidentAnalysis
[2018-07-30T12:00:09.083] [INFO] repo - insert HTML.Infographic
[2018-07-30T12:00:09.085] [INFO] repo - insert HTML.InfoSummary
[2018-07-30T12:00:09.087] [INFO] repo - insert HTML.LayerList
[2018-07-30T12:00:09.091] [INFO] repo - insert HTML.Legend
[2018-07-30T12:00:09.094] [INFO] repo - insert HTML.Measurement
[2018-07-30T12:00:09.098] [INFO] repo - insert HTML.MyLocation
[2018-07-30T12:00:09.107] [INFO] repo - insert HTML.NearMe
[2018-07-30T12:00:09.110] [INFO] repo - insert HTML.ObliqueViewer
[2018-07-30T12:00:09.124] [INFO] repo - insert HTML.OverviewMap
[2018-07-30T12:00:09.131] [INFO] repo - insert HTML.ParcelDrafter
[2018-07-30T12:00:09.138] [INFO] repo - insert HTML.Print
[2018-07-30T12:00:09.141] [INFO] repo - insert HTML.PublicNotification
[2018-07-30T12:00:09.145] [INFO] repo - insert HTML.Query
[2018-07-30T12:00:09.201] [INFO] repo - insert HTML.RelatedTableCharts
[2018-07-30T12:00:09.253] [INFO] repo - insert HTML.ReportFeature
[2018-07-30T12:00:09.269] [INFO] repo - insert HTML.ReviewerDashboard
[2018-07-30T12:00:09.286] [INFO] repo - insert HTML.Scalebar
[2018-07-30T12:00:09.297] [INFO] repo - insert HTML.Screening
[2018-07-30T12:00:09.316] [INFO] repo - insert HTML.Search
[2018-07-30T12:00:09.348] [INFO] repo - insert HTML.Select
[2018-07-30T12:00:09.353] [INFO] repo - insert HTML.Share
[2018-07-30T12:00:09.367] [INFO] repo - insert HTML.SituationAwareness
[2018-07-30T12:00:09.395] [INFO] repo - insert HTML.SmartEditor
[2018-07-30T12:00:09.404] [INFO] repo - insert HTML.Splash
[2018-07-30T12:00:09.409] [INFO] repo - insert HTML.Stream
[2018-07-30T12:00:09.415] [INFO] repo - insert HTML.SuitabilityModeler
[2018-07-30T12:00:09.420] [INFO] repo - insert HTML.Summary
[2018-07-30T12:00:09.426] [INFO] repo - insert HTML.Swipe
[2018-07-30T12:00:09.431] [INFO] repo - insert HTML.TimeSlider
[2018-07-30T12:00:09.435] [INFO] repo - insert HTML.ZoomSlider
[2018-07-30T12:00:09.447] [INFO] repo - Read repository items: C:\source\WebAppBuilderForArcGIS\client\stemapp\themes
[2018-07-30T12:00:11.077] [INFO] repo - insert HTML.DartTheme
[2018-07-30T12:00:11.082] [INFO] repo - insert HTML.FoldableTheme
[2018-07-30T12:00:11.094] [INFO] repo - insert HTML.BillboardTheme
[2018-07-30T12:00:11.100] [INFO] repo - insert HTML.DashboardTheme
[2018-07-30T12:00:11.105] [INFO] repo - insert HTML.PlateauTheme
[2018-07-30T12:00:11.111] [INFO] repo - insert HTML.TabTheme
[2018-07-30T12:00:11.116] [INFO] repo - insert HTML.LaunchpadTheme
[2018-07-30T12:00:11.123] [INFO] repo - insert HTML.JewelryBoxTheme
[2018-07-30T12:00:11.128] [INFO] repo - insert HTML.BoxTheme
[2018-07-30T12:00:11.129] [INFO] repo - Read repository items: C:\source\WebAppBuilderForArcGIS\client\stemapp3d\widgets
[2018-07-30T12:00:13.054] [INFO] repo - insert HTML3D.About
[2018-07-30T12:00:13.056] [INFO] repo - insert HTML3D.Daylight
[2018-07-30T12:00:13.059] [INFO] repo - insert HTML3D.3DFx
[2018-07-30T12:00:13.061] [INFO] repo - insert HTML3D.Home
[2018-07-30T12:00:13.064] [INFO] repo - insert HTML3D.Compass
[2018-07-30T12:00:13.065] [INFO] repo - insert HTML3D.LayerList
[2018-07-30T12:00:13.067] [INFO] repo - insert HTML3D.Coordinate
[2018-07-30T12:00:13.070] [INFO] repo - insert HTML3D.Measurement3D
[2018-07-30T12:00:13.073] [INFO] repo - insert HTML3D.Navigate
[2018-07-30T12:00:13.078] [INFO] repo - insert HTML3D.MyLocation
[2018-07-30T12:00:13.081] [INFO] repo - insert HTML3D.BasemapGallery
[2018-07-30T12:00:13.126] [INFO] repo - insert HTML3D.Legend
[2018-07-30T12:00:13.132] [INFO] repo - insert HTML3D.Share
[2018-07-30T12:00:13.136] [INFO] repo - insert HTML3D.Search
[2018-07-30T12:00:13.149] [INFO] repo - insert HTML3D.FullScreen
[2018-07-30T12:00:13.152] [INFO] repo - insert HTML3D.ZoomSlider
[2018-07-30T12:00:13.156] [INFO] repo - insert HTML3D.Splash
[2018-07-30T12:00:13.161] [INFO] repo - insert HTML3D.Slides
[2018-07-30T12:00:13.162] [INFO] repo - Read repository items: C:\source\WebAppBuilderForArcGIS\client\stemapp3d\themes
[2018-07-30T12:00:14.295] [INFO] repo - insert HTML3D.BoxTheme
[2018-07-30T12:00:14.299] [INFO] repo - insert HTML3D.DartTheme
[2018-07-30T12:00:14.302] [INFO] repo - insert HTML3D.DashboardTheme
[2018-07-30T12:00:14.305] [INFO] repo - insert HTML3D.BillboardTheme
[2018-07-30T12:00:14.310] [INFO] repo - insert HTML3D.FoldableTheme
[2018-07-30T12:00:14.314] [INFO] repo - insert HTML3D.TabTheme
[2018-07-30T12:00:14.323] [INFO] repo - insert HTML3D.LaunchpadTheme
[2018-07-30T12:00:14.329] [INFO] repo - insert HTML3D.JewelryBoxTheme
[2018-07-30T12:09:50.774] [INFO] repo - Read repository items: C:\source\WebAppBuilderForArcGIS\client\stemapp\widgets
[2018-07-30T12:09:58.378] [INFO] default - No token is found, redirect /webappbuilder to /webappbuilder?action=setportalurl
[2018-07-30T12:10:01.788] [INFO] repo - Read repository items: C:\source\WebAppBuilderForArcGIS\client\stemapp\themes
[2018-07-30T12:10:04.020] [INFO] repo - Read repository items: C:\source\WebAppBuilderForArcGIS\client\stemapp3d\widgets
[2018-07-30T12:10:07.702] [INFO] repo - Read repository items: C:\source\WebAppBuilderForArcGIS\client\stemapp3d\themes
[2018-07-30T12:11:02.457] [INFO] default - No token is found, redirect /webappbuilder/ to /webappbuilder/?action=setportalurl
[2018-07-30T12:11:45.783] [INFO] default - No token is found, redirect /webappbuilder/ to /webappbuilder/?action=setportalurl
[2018-07-30T12:13:03.583] [INFO] default - No portal URL is set, redirect /webappbuilder/ to /webappbuilder/?action=setportalurl
[2018-07-30T12:14:21.844] [INFO] default - No portal URL is set, redirect /webappbuilder to /webappbuilder?action=setportalurl
[2018-07-30T12:15:26.570] [INFO] default - No token is found, redirect /webappbuilder/ to /webappbuilder/?action=setportalurl
[2018-07-30T12:15:44.022] [INFO] default - No token is found, redirect /webappbuilder/ to /webappbuilder/?action=setportalurl
[2018-07-30T12:16:46.393] [INFO] default - No portal URL is set, redirect /webappbuilder/ to /webappbuilder/?action=setportalurl
